  [1m[35m (529.0ms)[0m  [1m[35mCREATE DATABASE "todo_development" ENCODING = 'unicode'[0m
  ↳ /Users/austinwalker/.rbenv/versions/2.3.7/bin/rake:22
  [1m[35m (464.3ms)[0m  [1m[35mCREATE DATABASE "todo_test" ENCODING = 'unicode'[0m
  ↳ /Users/austinwalker/.rbenv/versions/2.3.7/bin/rake:22
Started GET "/" for 127.0.0.1 at 2019-09-30 07:43:55 -0500
Processing by Rails::WelcomeController#index as HTML
  Rendering /Users/austinwalker/.rbenv/versions/2.3.7/lib/ruby/gems/2.3.0/gems/railties-5.2.3/lib/rails/templates/rails/welcome/index.html.erb
  Rendered /Users/austinwalker/.rbenv/versions/2.3.7/lib/ruby/gems/2.3.0/gems/railties-5.2.3/lib/rails/templates/rails/welcome/index.html.erb (7.2ms)
Completed 200 OK in 23ms (Views: 18.2ms | ActiveRecord: 0.0ms)


  [1m[35m (12.3ms)[0m  [1m[35mCREATE TABLE "schema_migrations" ("version" character varying NOT NULL PRIMARY KEY)[0m
  ↳ /Users/austinwalker/.rbenv/versions/2.3.7/bin/rake:22
  [1m[35m (4.5ms)[0m  [1m[35mCREATE TABLE "ar_internal_metadata" ("key" character varying NOT NULL PRIMARY KEY, "value" character varying, "created_at" timestamp NOT NULL, "updated_at" timestamp NOT NULL)[0m
  ↳ /Users/austinwalker/.rbenv/versions/2.3.7/bin/rake:22
  [1m[35m (1.5ms)[0m  [1m[34mSELECT pg_try_advisory_lock(5790848985702910395)[0m
  ↳ /Users/austinwalker/.rbenv/versions/2.3.7/bin/rake:22
  [1m[35m (0.6ms)[0m  [1m[34mSELECT "schema_migrations"."version" FROM "schema_migrations" ORDER BY "schema_migrations"."version" ASC[0m
  ↳ /Users/austinwalker/.rbenv/versions/2.3.7/bin/rake:22
Migrating to CreateTasks (20190930124830)
  [1m[35m (0.3ms)[0m  [1m[35mBEGIN[0m
  ↳ /Users/austinwalker/.rbenv/versions/2.3.7/bin/rake:22
  [1m[35m (5.4ms)[0m  [1m[35mCREATE TABLE "tasks" ("id" bigserial primary key, "title" character varying, "done" boolean DEFAULT FALSE, "created_at" timestamp NOT NULL, "updated_at" timestamp NOT NULL)[0m
  ↳ db/migrate/20190930124830_create_tasks.rb:3
  [1m[36mActiveRecord::SchemaMigration Create (1.4ms)[0m  [1m[32mINSERT INTO "schema_migrations" ("version") VALUES ($1) RETURNING "version"[0m  [["version", "20190930124830"]]
  ↳ /Users/austinwalker/.rbenv/versions/2.3.7/bin/rake:22
  [1m[35m (0.7ms)[0m  [1m[35mCOMMIT[0m
  ↳ /Users/austinwalker/.rbenv/versions/2.3.7/bin/rake:22
  [1m[36mActiveRecord::InternalMetadata Load (0.4ms)[0m  [1m[34mSELECT  "ar_internal_metadata".* FROM "ar_internal_metadata" WHERE "ar_internal_metadata"."key" = $1 LIMIT $2[0m  [["key", "environment"], ["LIMIT", 1]]
  ↳ /Users/austinwalker/.rbenv/versions/2.3.7/bin/rake:22
  [1m[35m (0.3ms)[0m  [1m[35mBEGIN[0m
  ↳ /Users/austinwalker/.rbenv/versions/2.3.7/bin/rake:22
  [1m[36mActiveRecord::InternalMetadata Create (1.1ms)[0m  [1m[32mINSERT INTO "ar_internal_metadata" ("key", "value", "created_at", "updated_at") VALUES ($1, $2, $3, $4) RETURNING "key"[0m  [["key", "environment"], ["value", "development"], ["created_at", "2019-09-30 12:49:54.748132"], ["updated_at", "2019-09-30 12:49:54.748132"]]
  ↳ /Users/austinwalker/.rbenv/versions/2.3.7/bin/rake:22
  [1m[35m (0.6ms)[0m  [1m[35mCOMMIT[0m
  ↳ /Users/austinwalker/.rbenv/versions/2.3.7/bin/rake:22
  [1m[35m (0.5ms)[0m  [1m[34mSELECT pg_advisory_unlock(5790848985702910395)[0m
  ↳ /Users/austinwalker/.rbenv/versions/2.3.7/bin/rake:22
  [1m[35m (0.3ms)[0m  [1m[34mSELECT "schema_migrations"."version" FROM "schema_migrations" ORDER BY "schema_migrations"."version" ASC[0m
  ↳ /Users/austinwalker/.rbenv/versions/2.3.7/bin/rake:22
  [1m[35m (0.2ms)[0m  [1m[35mBEGIN[0m
  [1m[36mTask Create (3.2ms)[0m  [1m[32mINSERT INTO "tasks" ("title", "created_at", "updated_at") VALUES ($1, $2, $3) RETURNING "id"[0m  [["title", "Do laundry"], ["created_at", "2019-09-30 12:50:54.395663"], ["updated_at", "2019-09-30 12:50:54.395663"]]
  [1m[35m (0.5ms)[0m  [1m[35mCOMMIT[0m
  [1m[35m (0.3ms)[0m  [1m[35mBEGIN[0m
  [1m[36mTask Create (0.5ms)[0m  [1m[32mINSERT INTO "tasks" ("title", "created_at", "updated_at") VALUES ($1, $2, $3) RETURNING "id"[0m  [["title", "Make bed"], ["created_at", "2019-09-30 12:51:34.428909"], ["updated_at", "2019-09-30 12:51:34.428909"]]
  [1m[35m (0.9ms)[0m  [1m[35mCOMMIT[0m
Started GET "/" for 127.0.0.1 at 2019-09-30 07:52:47 -0500
  [1m[35m (2.2ms)[0m  [1m[34mSELECT "schema_migrations"."version" FROM "schema_migrations" ORDER BY "schema_migrations"."version" ASC[0m
  ↳ /Users/austinwalker/.rbenv/versions/2.3.7/lib/ruby/gems/2.3.0/gems/activerecord-5.2.3/lib/active_record/log_subscriber.rb:98
Processing by StaticPagesController#index as HTML
  Rendering static_pages/index.html.erb within layouts/application
  Rendered static_pages/index.html.erb within layouts/application (0.9ms)
Completed 200 OK in 894ms (Views: 891.5ms | ActiveRecord: 0.0ms)


Started GET "/tasks" for 127.0.0.1 at 2019-09-30 08:02:08 -0500
  
ActionController::RoutingError (No route matches [GET] "/tasks"):
  
actionpack (5.2.3) lib/action_dispatch/middleware/debug_exceptions.rb:65:in `call'
web-console (3.7.0) lib/web_console/middleware.rb:135:in `call_app'
web-console (3.7.0) lib/web_console/middleware.rb:30:in `block in call'
web-console (3.7.0) lib/web_console/middleware.rb:20:in `catch'
web-console (3.7.0) lib/web_console/middleware.rb:20:in `call'
actionpack (5.2.3) lib/action_dispatch/middleware/show_exceptions.rb:33:in `call'
railties (5.2.3) lib/rails/rack/logger.rb:38:in `call_app'
railties (5.2.3) lib/rails/rack/logger.rb:26:in `block in call'
activesupport (5.2.3) lib/active_support/tagged_logging.rb:71:in `block in tagged'
activesupport (5.2.3) lib/active_support/tagged_logging.rb:28:in `tagged'
activesupport (5.2.3) lib/active_support/tagged_logging.rb:71:in `tagged'
railties (5.2.3) lib/rails/rack/logger.rb:26:in `call'
sprockets-rails (3.2.1) lib/sprockets/rails/quiet_assets.rb:13:in `call'
actionpack (5.2.3) lib/action_dispatch/middleware/remote_ip.rb:81:in `call'
actionpack (5.2.3) lib/action_dispatch/middleware/request_id.rb:27:in `call'
rack (2.0.7) lib/rack/method_override.rb:22:in `call'
rack (2.0.7) lib/rack/runtime.rb:22:in `call'
activesupport (5.2.3) lib/active_support/cache/strategy/local_cache_middleware.rb:29:in `call'
actionpack (5.2.3) lib/action_dispatch/middleware/executor.rb:14:in `call'
actionpack (5.2.3) lib/action_dispatch/middleware/static.rb:127:in `call'
rack (2.0.7) lib/rack/sendfile.rb:111:in `call'
railties (5.2.3) lib/rails/engine.rb:524:in `call'
puma (3.12.1) lib/puma/configuration.rb:227:in `call'
puma (3.12.1) lib/puma/server.rb:660:in `handle_request'
puma (3.12.1) lib/puma/server.rb:474:in `process_client'
puma (3.12.1) lib/puma/server.rb:334:in `block in run'
puma (3.12.1) lib/puma/thread_pool.rb:135:in `block in spawn_thread'
Started GET "/" for 127.0.0.1 at 2019-09-30 08:02:17 -0500
Processing by StaticPagesController#index as HTML
  Rendering static_pages/index.html.erb within layouts/application
  Rendered static_pages/index.html.erb within layouts/application (0.5ms)
Completed 200 OK in 83ms (Views: 80.5ms | ActiveRecord: 0.0ms)


  [1m[35m (0.3ms)[0m  [1m[35mBEGIN[0m
  [1m[36mTask Create (8.8ms)[0m  [1m[32mINSERT INTO "tasks" ("title", "done", "created_at", "updated_at") VALUES ($1, $2, $3, $4) RETURNING "id"[0m  [["title", "Get haircut. "], ["done", true], ["created_at", "2019-10-01 13:43:53.984249"], ["updated_at", "2019-10-01 13:43:53.984249"]]
  [1m[35m (5.2ms)[0m  [1m[35mCOMMIT[0m
